[2021-04-01 03:49:40] production.ERROR: ErrorException: Invalid characters passed for attempted conversion, these have been ignored in C:\xampp\htdocs\Laravel\TodoList-Ajax-Laravel\vendor\nikic\php-parser\lib\PhpParser\Node\Scalar\String_.php:103
Stack trace:
#0 [internal function]: Illuminate\Foundation\Bootstrap\HandleExceptions->handleError(8192, 'Invalid charact...', 'C:\\xampp\\htdocs...', 103, Array)
#1 C:\xampp\htdocs\Laravel\TodoList-Ajax-Laravel\vendor\nikic\php-parser\lib\PhpParser\Node\Scalar\String_.php(103): hexdec('xC2')
#2 [internal function]: PhpParser\Node\Scalar\String_::PhpParser\Node\Scalar\{closure}(Array)
#3 C:\xampp\htdocs\Laravel\TodoList-Ajax-Laravel\vendor\nikic\php-parser\lib\PhpParser\Node\Scalar\String_.php(96): preg_replace_callback('~\\\\([\\\\$nrtfve]...', Object(Closure), '\\xC2\\xA0')
#4 C:\xampp\htdocs\Laravel\TodoList-Ajax-Laravel\vendor\nikic\php-parser\lib\PhpParser\Node\Scalar\String_.php(69): PhpParser\Node\Scalar\String_::parseEscapeSequences('\\xC2\\xA0', '"', true)
#5 C:\xampp\htdocs\Laravel\TodoList-Ajax-Laravel\vendor\nikic\php-parser\lib\PhpParser\Parser\Php7.php(2381): PhpParser\Node\Scalar\String_::parse('"\\xC2\\xA0"')
#6 C:\xampp\htdocs\Laravel\TodoList-Ajax-Laravel\vendor\nikic\php-parser\lib\PhpParser\ParserAbstract.php(247): PhpParser\Parser\Php7->reduceRule395()
#7 C:\xampp\htdocs\Laravel\TodoList-Ajax-Laravel\vendor\nikic\php-parser\lib\PhpParser\Parser\Multiple.php(58): PhpParser\ParserAbstract->parse('<?php\n namespac...')
#8 C:\xampp\htdocs\Laravel\TodoList-Ajax-Laravel\vendor\nikic\php-parser\lib\PhpParser\Parser\Multiple.php(29): PhpParser\Parser\Multiple->tryParse(Object(PhpParser\Parser\Php7), '<?php\n namespac...')
#9 C:\xampp\htdocs\Laravel\TodoList-Ajax-Laravel\vendor\classpreloader\classpreloader\src\ClassPreloader.php(127): PhpParser\Parser\Multiple->parse('<?php\n namespac...')
#10 C:\xampp\htdocs\Laravel\TodoList-Ajax-Laravel\vendor\laravel\framework\src\Illuminate\Foundation\Console\OptimizeCommand.php(83): ClassPreloader\ClassPreloader->getCode('C:\\xampp\\htdocs...', false)
#11 C:\xampp\htdocs\Laravel\TodoList-Ajax-Laravel\vendor\laravel\framework\src\Illuminate\Foundation\Console\OptimizeCommand.php(64): Illuminate\Foundation\Console\OptimizeCommand->compileClasses()
#12 [internal function]: Illuminate\Foundation\Console\OptimizeCommand->fire()
#13 C:\xampp\htdocs\Laravel\TodoList-Ajax-Laravel\vendor\laravel\framework\src\Illuminate\Container\Container.php(507): call_user_func_array(Array, Array)
#14 C:\xampp\htdocs\Laravel\TodoList-Ajax-Laravel\vendor\laravel\framework\src\Illuminate\Console\Command.php(169): Illuminate\Container\Container->call(Array)
#15 C:\xampp\htdocs\Laravel\TodoList-Ajax-Laravel\vendor\symfony\console\Command\Command.php(256): Illuminate\Console\Command->execute(Object(Symfony\Component\Console\Input\ArgvInput), Object(Symfony\Component\Console\Output\ConsoleOutput))
#16 C:\xampp\htdocs\Laravel\TodoList-Ajax-Laravel\vendor\laravel\framework\src\Illuminate\Console\Command.php(155): Symfony\Component\Console\Command\Command->run(Object(Symfony\Component\Console\Input\ArgvInput), Object(Symfony\Component\Console\Output\ConsoleOutput))
#17 C:\xampp\htdocs\Laravel\TodoList-Ajax-Laravel\vendor\symfony\console\Application.php(794): Illuminate\Console\Command->run(Object(Symfony\Component\Console\Input\ArgvInput), Object(Symfony\Component\Console\Output\ConsoleOutput))
#18 C:\xampp\htdocs\Laravel\TodoList-Ajax-Laravel\vendor\symfony\console\Application.php(186): Symfony\Component\Console\Application->doRunCommand(Object(Illuminate\Foundation\Console\OptimizeCommand), Object(Symfony\Component\Console\Input\ArgvInput), Object(Symfony\Component\Console\Output\ConsoleOutput))
#19 C:\xampp\htdocs\Laravel\TodoList-Ajax-Laravel\vendor\symfony\console\Application.php(117): Symfony\Component\Console\Application->doRun(Object(Symfony\Component\Console\Input\ArgvInput), Object(Symfony\Component\Console\Output\ConsoleOutput))
#20 C:\xampp\htdocs\Laravel\TodoList-Ajax-Laravel\vendor\laravel\framework\src\Illuminate\Foundation\Console\Kernel.php(107): Symfony\Component\Console\Application->run(Object(Symfony\Component\Console\Input\ArgvInput), Object(Symfony\Component\Console\Output\ConsoleOutput))
#21 C:\xampp\htdocs\Laravel\TodoList-Ajax-Laravel\artisan(35): Illuminate\Foundation\Console\Kernel->handle(Object(Symfony\Component\Console\Input\ArgvInput), Object(Symfony\Component\Console\Output\ConsoleOutput))
#22 {main}  
[2021-04-01 03:53:57] production.ERROR: ErrorException: Invalid characters passed for attempted conversion, these have been ignored in C:\xampp\htdocs\Laravel\TodoList-Ajax-Laravel\vendor\nikic\php-parser\lib\PhpParser\Node\Scalar\String_.php:103
Stack trace:
#0 [internal function]: Illuminate\Foundation\Bootstrap\HandleExceptions->handleError(8192, 'Invalid charact...', 'C:\\xampp\\htdocs...', 103, Array)
#1 C:\xampp\htdocs\Laravel\TodoList-Ajax-Laravel\vendor\nikic\php-parser\lib\PhpParser\Node\Scalar\String_.php(103): hexdec('xC2')
#2 [internal function]: PhpParser\Node\Scalar\String_::PhpParser\Node\Scalar\{closure}(Array)
#3 C:\xampp\htdocs\Laravel\TodoList-Ajax-Laravel\vendor\nikic\php-parser\lib\PhpParser\Node\Scalar\String_.php(96): preg_replace_callback('~\\\\([\\\\$nrtfve]...', Object(Closure), '\\xC2\\xA0')
#4 C:\xampp\htdocs\Laravel\TodoList-Ajax-Laravel\vendor\nikic\php-parser\lib\PhpParser\Node\Scalar\String_.php(69): PhpParser\Node\Scalar\String_::parseEscapeSequences('\\xC2\\xA0', '"', true)
#5 C:\xampp\htdocs\Laravel\TodoList-Ajax-Laravel\vendor\nikic\php-parser\lib\PhpParser\Parser\Php7.php(2381): PhpParser\Node\Scalar\String_::parse('"\\xC2\\xA0"')
#6 C:\xampp\htdocs\Laravel\TodoList-Ajax-Laravel\vendor\nikic\php-parser\lib\PhpParser\ParserAbstract.php(247): PhpParser\Parser\Php7->reduceRule395()
#7 C:\xampp\htdocs\Laravel\TodoList-Ajax-Laravel\vendor\nikic\php-parser\lib\PhpParser\Parser\Multiple.php(58): PhpParser\ParserAbstract->parse('<?php\n namespac...')
#8 C:\xampp\htdocs\Laravel\TodoList-Ajax-Laravel\vendor\nikic\php-parser\lib\PhpParser\Parser\Multiple.php(29): PhpParser\Parser\Multiple->tryParse(Object(PhpParser\Parser\Php7), '<?php\n namespac...')
#9 C:\xampp\htdocs\Laravel\TodoList-Ajax-Laravel\vendor\classpreloader\classpreloader\src\ClassPreloader.php(127): PhpParser\Parser\Multiple->parse('<?php\n namespac...')
#10 C:\xampp\htdocs\Laravel\TodoList-Ajax-Laravel\vendor\laravel\framework\src\Illuminate\Foundation\Console\OptimizeCommand.php(83): ClassPreloader\ClassPreloader->getCode('C:\\xampp\\htdocs...', false)
#11 C:\xampp\htdocs\Laravel\TodoList-Ajax-Laravel\vendor\laravel\framework\src\Illuminate\Foundation\Console\OptimizeCommand.php(64): Illuminate\Foundation\Console\OptimizeCommand->compileClasses()
#12 [internal function]: Illuminate\Foundation\Console\OptimizeCommand->fire()
#13 C:\xampp\htdocs\Laravel\TodoList-Ajax-Laravel\vendor\laravel\framework\src\Illuminate\Container\Container.php(507): call_user_func_array(Array, Array)
#14 C:\xampp\htdocs\Laravel\TodoList-Ajax-Laravel\vendor\laravel\framework\src\Illuminate\Console\Command.php(169): Illuminate\Container\Container->call(Array)
#15 C:\xampp\htdocs\Laravel\TodoList-Ajax-Laravel\vendor\symfony\console\Command\Command.php(256): Illuminate\Console\Command->execute(Object(Symfony\Component\Console\Input\ArgvInput), Object(Symfony\Component\Console\Output\ConsoleOutput))
#16 C:\xampp\htdocs\Laravel\TodoList-Ajax-Laravel\vendor\laravel\framework\src\Illuminate\Console\Command.php(155): Symfony\Component\Console\Command\Command->run(Object(Symfony\Component\Console\Input\ArgvInput), Object(Symfony\Component\Console\Output\ConsoleOutput))
#17 C:\xampp\htdocs\Laravel\TodoList-Ajax-Laravel\vendor\symfony\console\Application.php(794): Illuminate\Console\Command->run(Object(Symfony\Component\Console\Input\ArgvInput), Object(Symfony\Component\Console\Output\ConsoleOutput))
#18 C:\xampp\htdocs\Laravel\TodoList-Ajax-Laravel\vendor\symfony\console\Application.php(186): Symfony\Component\Console\Application->doRunCommand(Object(Illuminate\Foundation\Console\OptimizeCommand), Object(Symfony\Component\Console\Input\ArgvInput), Object(Symfony\Component\Console\Output\ConsoleOutput))
#19 C:\xampp\htdocs\Laravel\TodoList-Ajax-Laravel\vendor\symfony\console\Application.php(117): Symfony\Component\Console\Application->doRun(Object(Symfony\Component\Console\Input\ArgvInput), Object(Symfony\Component\Console\Output\ConsoleOutput))
#20 C:\xampp\htdocs\Laravel\TodoList-Ajax-Laravel\vendor\laravel\framework\src\Illuminate\Foundation\Console\Kernel.php(107): Symfony\Component\Console\Application->run(Object(Symfony\Component\Console\Input\ArgvInput), Object(Symfony\Component\Console\Output\ConsoleOutput))
#21 C:\xampp\htdocs\Laravel\TodoList-Ajax-Laravel\artisan(35): Illuminate\Foundation\Console\Kernel->handle(Object(Symfony\Component\Console\Input\ArgvInput), Object(Symfony\Component\Console\Output\ConsoleOutput))
#22 {main}  
[2021-04-01 03:58:14] production.ERROR: PDOException: SQLSTATE[HY000] [1049] Unknown database 'forge' in C:\xampp\htdocs\Laravel\TodoList-Ajax-Laravel\vendor\laravel\framework\src\Illuminate\Database\Connectors\Connector.php:55
Stack trace:
#0 C:\xampp\htdocs\Laravel\TodoList-Ajax-Laravel\vendor\laravel\framework\src\Illuminate\Database\Connectors\Connector.php(55): PDO->__construct('mysql:host=loca...', 'forge', '', Array)
#1 C:\xampp\htdocs\Laravel\TodoList-Ajax-Laravel\vendor\laravel\framework\src\Illuminate\Database\Connectors\MySqlConnector.php(24): Illuminate\Database\Connectors\Connector->createConnection('mysql:host=loca...', Array, Array)
#2 C:\xampp\htdocs\Laravel\TodoList-Ajax-Laravel\vendor\laravel\framework\src\Illuminate\Database\Connectors\ConnectionFactory.php(61): Illuminate\Database\Connectors\MySqlConnector->connect(Array)
#3 [internal function]: Illuminate\Database\Connectors\ConnectionFactory->Illuminate\Database\Connectors\{closure}()
#4 C:\xampp\htdocs\Laravel\TodoList-Ajax-Laravel\vendor\laravel\framework\src\Illuminate\Database\Connection.php(924): call_user_func(Object(Closure))
#5 C:\xampp\htdocs\Laravel\TodoList-Ajax-Laravel\vendor\laravel\framework\src\Illuminate\Database\Connection.php(792): Illuminate\Database\Connection->getPdo()
#6 C:\xampp\htdocs\Laravel\TodoList-Ajax-Laravel\vendor\laravel\framework\src\Illuminate\Database\Connection.php(677): Illuminate\Database\Connection->reconnectIfMissingConnection()
#7 C:\xampp\htdocs\Laravel\TodoList-Ajax-Laravel\vendor\laravel\framework\src\Illuminate\Database\Connection.php(349): Illuminate\Database\Connection->run('select * from i...', Array, Object(Closure))
#8 C:\xampp\htdocs\Laravel\TodoList-Ajax-Laravel\vendor\laravel\framework\src\Illuminate\Database\Schema\MySqlBuilder.php(21): Illuminate\Database\Connection->select('select * from i...', Array)
#9 C:\xampp\htdocs\Laravel\TodoList-Ajax-Laravel\vendor\laravel\framework\src\Illuminate\Database\Migrations\DatabaseMigrationRepository.php(141): Illuminate\Database\Schema\MySqlBuilder->hasTable('migrations')
#10 C:\xampp\htdocs\Laravel\TodoList-Ajax-Laravel\vendor\laravel\framework\src\Illuminate\Database\Migrations\Migrator.php(404): Illuminate\Database\Migrations\DatabaseMigrationRepository->repositoryExists()
#11 C:\xampp\htdocs\Laravel\TodoList-Ajax-Laravel\vendor\laravel\framework\src\Illuminate\Database\Console\Migrations\MigrateCommand.php(103): Illuminate\Database\Migrations\Migrator->repositoryExists()
#12 C:\xampp\htdocs\Laravel\TodoList-Ajax-Laravel\vendor\laravel\framework\src\Illuminate\Database\Console\Migrations\MigrateCommand.php(58): Illuminate\Database\Console\Migrations\MigrateCommand->prepareDatabase()
#13 [internal function]: Illuminate\Database\Console\Migrations\MigrateCommand->fire()
#14 C:\xampp\htdocs\Laravel\TodoList-Ajax-Laravel\bootstrap\cache\compiled.php(1257): call_user_func_array(Array, Array)
#15 C:\xampp\htdocs\Laravel\TodoList-Ajax-Laravel\vendor\laravel\framework\src\Illuminate\Console\Command.php(169): Illuminate\Container\Container->call(Array)
#16 C:\xampp\htdocs\Laravel\TodoList-Ajax-Laravel\vendor\symfony\console\Command\Command.php(256): Illuminate\Console\Command->execute(Object(Symfony\Component\Console\Input\ArgvInput), Object(Symfony\Component\Console\Output\ConsoleOutput))
#17 C:\xampp\htdocs\Laravel\TodoList-Ajax-Laravel\vendor\laravel\framework\src\Illuminate\Console\Command.php(155): Symfony\Component\Console\Command\Command->run(Object(Symfony\Component\Console\Input\ArgvInput), Object(Symfony\Component\Console\Output\ConsoleOutput))
#18 C:\xampp\htdocs\Laravel\TodoList-Ajax-Laravel\vendor\symfony\console\Application.php(794): Illuminate\Console\Command->run(Object(Symfony\Component\Console\Input\ArgvInput), Object(Symfony\Component\Console\Output\ConsoleOutput))
#19 C:\xampp\htdocs\Laravel\TodoList-Ajax-Laravel\vendor\symfony\console\Application.php(186): Symfony\Component\Console\Application->doRunCommand(Object(Illuminate\Database\Console\Migrations\MigrateCommand), Object(Symfony\Component\Console\Input\ArgvInput), Object(Symfony\Component\Console\Output\ConsoleOutput))
#20 C:\xampp\htdocs\Laravel\TodoList-Ajax-Laravel\vendor\symfony\console\Application.php(117): Symfony\Component\Console\Application->doRun(Object(Symfony\Component\Console\Input\ArgvInput), Object(Symfony\Component\Console\Output\ConsoleOutput))
#21 C:\xampp\htdocs\Laravel\TodoList-Ajax-Laravel\vendor\laravel\framework\src\Illuminate\Foundation\Console\Kernel.php(107): Symfony\Component\Console\Application->run(Object(Symfony\Component\Console\Input\ArgvInput), Object(Symfony\Component\Console\Output\ConsoleOutput))
#22 C:\xampp\htdocs\Laravel\TodoList-Ajax-Laravel\artisan(35): Illuminate\Foundation\Console\Kernel->handle(Object(Symfony\Component\Console\Input\ArgvInput), Object(Symfony\Component\Console\Output\ConsoleOutput))
#23 {main}  
[2021-04-01 03:59:10] production.ERROR: PDOException: SQLSTATE[HY000] [1049] Unknown database 'forge' in C:\xampp\htdocs\Laravel\TodoList-Ajax-Laravel\vendor\laravel\framework\src\Illuminate\Database\Connectors\Connector.php:55
Stack trace:
#0 C:\xampp\htdocs\Laravel\TodoList-Ajax-Laravel\vendor\laravel\framework\src\Illuminate\Database\Connectors\Connector.php(55): PDO->__construct('mysql:host=loca...', 'forge', '', Array)
#1 C:\xampp\htdocs\Laravel\TodoList-Ajax-Laravel\vendor\laravel\framework\src\Illuminate\Database\Connectors\MySqlConnector.php(24): Illuminate\Database\Connectors\Connector->createConnection('mysql:host=loca...', Array, Array)
#2 C:\xampp\htdocs\Laravel\TodoList-Ajax-Laravel\vendor\laravel\framework\src\Illuminate\Database\Connectors\ConnectionFactory.php(61): Illuminate\Database\Connectors\MySqlConnector->connect(Array)
#3 [internal function]: Illuminate\Database\Connectors\ConnectionFactory->Illuminate\Database\Connectors\{closure}()
#4 C:\xampp\htdocs\Laravel\TodoList-Ajax-Laravel\vendor\laravel\framework\src\Illuminate\Database\Connection.php(924): call_user_func(Object(Closure))
#5 C:\xampp\htdocs\Laravel\TodoList-Ajax-Laravel\vendor\laravel\framework\src\Illuminate\Database\Connection.php(792): Illuminate\Database\Connection->getPdo()
#6 C:\xampp\htdocs\Laravel\TodoList-Ajax-Laravel\vendor\laravel\framework\src\Illuminate\Database\Connection.php(677): Illuminate\Database\Connection->reconnectIfMissingConnection()
#7 C:\xampp\htdocs\Laravel\TodoList-Ajax-Laravel\vendor\laravel\framework\src\Illuminate\Database\Connection.php(349): Illuminate\Database\Connection->run('select * from i...', Array, Object(Closure))
#8 C:\xampp\htdocs\Laravel\TodoList-Ajax-Laravel\vendor\laravel\framework\src\Illuminate\Database\Schema\MySqlBuilder.php(21): Illuminate\Database\Connection->select('select * from i...', Array)
#9 C:\xampp\htdocs\Laravel\TodoList-Ajax-Laravel\vendor\laravel\framework\src\Illuminate\Database\Migrations\DatabaseMigrationRepository.php(141): Illuminate\Database\Schema\MySqlBuilder->hasTable('migrations')
#10 C:\xampp\htdocs\Laravel\TodoList-Ajax-Laravel\vendor\laravel\framework\src\Illuminate\Database\Migrations\Migrator.php(404): Illuminate\Database\Migrations\DatabaseMigrationRepository->repositoryExists()
#11 C:\xampp\htdocs\Laravel\TodoList-Ajax-Laravel\vendor\laravel\framework\src\Illuminate\Database\Console\Migrations\MigrateCommand.php(103): Illuminate\Database\Migrations\Migrator->repositoryExists()
#12 C:\xampp\htdocs\Laravel\TodoList-Ajax-Laravel\vendor\laravel\framework\src\Illuminate\Database\Console\Migrations\MigrateCommand.php(58): Illuminate\Database\Console\Migrations\MigrateCommand->prepareDatabase()
#13 [internal function]: Illuminate\Database\Console\Migrations\MigrateCommand->fire()
#14 C:\xampp\htdocs\Laravel\TodoList-Ajax-Laravel\bootstrap\cache\compiled.php(1257): call_user_func_array(Array, Array)
#15 C:\xampp\htdocs\Laravel\TodoList-Ajax-Laravel\vendor\laravel\framework\src\Illuminate\Console\Command.php(169): Illuminate\Container\Container->call(Array)
#16 C:\xampp\htdocs\Laravel\TodoList-Ajax-Laravel\vendor\symfony\console\Command\Command.php(256): Illuminate\Console\Command->execute(Object(Symfony\Component\Console\Input\ArgvInput), Object(Symfony\Component\Console\Output\ConsoleOutput))
#17 C:\xampp\htdocs\Laravel\TodoList-Ajax-Laravel\vendor\laravel\framework\src\Illuminate\Console\Command.php(155): Symfony\Component\Console\Command\Command->run(Object(Symfony\Component\Console\Input\ArgvInput), Object(Symfony\Component\Console\Output\ConsoleOutput))
#18 C:\xampp\htdocs\Laravel\TodoList-Ajax-Laravel\vendor\symfony\console\Application.php(794): Illuminate\Console\Command->run(Object(Symfony\Component\Console\Input\ArgvInput), Object(Symfony\Component\Console\Output\ConsoleOutput))
#19 C:\xampp\htdocs\Laravel\TodoList-Ajax-Laravel\vendor\symfony\console\Application.php(186): Symfony\Component\Console\Application->doRunCommand(Object(Illuminate\Database\Console\Migrations\MigrateCommand), Object(Symfony\Component\Console\Input\ArgvInput), Object(Symfony\Component\Console\Output\ConsoleOutput))
#20 C:\xampp\htdocs\Laravel\TodoList-Ajax-Laravel\vendor\symfony\console\Application.php(117): Symfony\Component\Console\Application->doRun(Object(Symfony\Component\Console\Input\ArgvInput), Object(Symfony\Component\Console\Output\ConsoleOutput))
#21 C:\xampp\htdocs\Laravel\TodoList-Ajax-Laravel\vendor\laravel\framework\src\Illuminate\Foundation\Console\Kernel.php(107): Symfony\Component\Console\Application->run(Object(Symfony\Component\Console\Input\ArgvInput), Object(Symfony\Component\Console\Output\ConsoleOutput))
#22 C:\xampp\htdocs\Laravel\TodoList-Ajax-Laravel\artisan(35): Illuminate\Foundation\Console\Kernel->handle(Object(Symfony\Component\Console\Input\ArgvInput), Object(Symfony\Component\Console\Output\ConsoleOutput))
#23 {main}  
